<?xml version="1.0" encoding="UTF-8"?>
<testsuite xmlns:xsi="http://www.w3.org/2001/XMLSchema-instance" xsi:noNamespaceSchemaLocation="https://maven.apache.org/surefire/maven-surefire-plugin/xsd/surefire-test-report.xsd" name="edu.udacity.java.nano.WebSocketChatApplicationTest" time="36.136" tests="4" errors="0" skipped="0" failures="0">
  <properties>
[...]
</properties>
  <testcase name="test1Login" classname="edu.udacity.java.nano.WebSocketChatApplicationTest" time="8.613"/>
  <testcase name="test2Logout" classname="edu.udacity.java.nano.WebSocketChatApplicationTest" time="6.975"/>
  <testcase name="test3Join" classname="edu.udacity.java.nano.WebSocketChatApplicationTest" time="8.348"/>
  <testcase name="test4Send" classname="edu.udacity.java.nano.WebSocketChatApplicationTest" time="8.725"/>
</testsuite>